<?xml version="1.0" encoding="UTF-8"?>
<testsuite name="com.yourbrowser.core.crypto.CryptoUnitTest" tests="4" skipped="0" failures="0" errors="0" timestamp="2026-09-12T05:35:59" hostname="taufiq-desktop" time="0.159">
  <properties/>
  <testcase name="testMemoryZeroizer" classname="com.yourbrowser.core.crypto.CryptoUnitTest" time="0.009"/>
  <testcase name="testKeyDerivationDeterminismAndDifferentPasswords" classname="com.yourbrowser.core.crypto.CryptoUnitTest" time="0.129"/>
  <testcase name="testAesGcmEncryptAndDecrypt" classname="com.yourbrowser.core.crypto.CryptoUnitTest" time="0.012"/>
  <testcase name="testAesGcmTamperResistance" classname="com.yourbrowser.core.crypto.CryptoUnitTest" time="0.006"/>
  <system-out><![CDATA[]]></system-out>
  <system-err><![CDATA[]]></system-err>
</testsuite>
